<?xml version="1.0" encoding="UTF-8"?>
<testsuite name="borg.trikeshed.parse.TestBashBracePackerDebug" tests="1" skipped="0" failures="0" errors="0" timestamp="2025-06-24T20:12:09.621Z" hostname="jims-MacBook-Pro.local" time="0.026">
  <properties/>
  <testcase name="debugPackListOutput()[jvm]" classname="borg.trikeshed.parse.TestBashBracePackerDebug" time="0.026"/>
  <system-out><![CDATA[=== BashBracePacker.packList Debug ===
Input: [alpha, beta, gamma]
Output: '{alph,bet,gamm}a'
Output length: 16

Character by character:
  [0] = '{' (code: 123)
  [1] = 'a' (code: 97)
  [2] = 'l' (code: 108)
  [3] = 'p' (code: 112)
  [4] = 'h' (code: 104)
  [5] = ',' (code: 44)
  [6] = 'b' (code: 98)
  [7] = 'e' (code: 101)
  [8] = 't' (code: 116)
  [9] = ',' (code: 44)
  [10] = 'g' (code: 103)
  [11] = 'a' (code: 97)
  [12] = 'm' (code: 109)
  [13] = 'm' (code: 109)
  [14] = '}' (code: 125)
  [15] = 'a' (code: 97)

Checking for expected content:
Contains '{': true
Contains '}': true
Contains ',': true
Contains 'alpha': false
Contains 'beta': false
Contains 'gamma': false

Prefix/Suffix analysis:
Common prefix: ''
Common suffix: 'a'
Middles: [alph, bet, gamm]
]]></system-out>
  <system-err><![CDATA[]]></system-err>
</testsuite>
